
============= MEMWATCH 2.71 Copyright (C) 1992-1999 Johan Lindh =============

Started at Sat Sep 19 15:14:05 2015

Modes: __STDC__ 64-bit mwDWORD==(unsigned int)
mwROUNDALLOC==8 sizeof(mwData)==56 mwDataSize==56


Stopped at Sat Sep 19 15:14:05 2015


Memory usage statistics (global):
 N)umber of allocations made: 2
 L)argest memory usage      : 119
 T)otal of all alloc() calls: 119
 U)nfreed bytes totals      : 0

============= MEMWATCH 2.71 Copyright (C) 1992-1999 Johan Lindh =============

Started at Sat Sep 19 15:14:34 2015

Modes: __STDC__ 64-bit mwDWORD==(unsigned int)
mwROUNDALLOC==8 sizeof(mwData)==56 mwDataSize==56


Stopped at Sat Sep 19 15:14:34 2015


Memory usage statistics (global):
 N)umber of allocations made: 2
 L)argest memory usage      : 119
 T)otal of all alloc() calls: 119
 U)nfreed bytes totals      : 0

============= MEMWATCH 2.71 Copyright (C) 1992-1999 Johan Lindh =============

Started at Sat Sep 19 15:15:21 2015

Modes: __STDC__ 64-bit mwDWORD==(unsigned int)
mwROUNDALLOC==8 sizeof(mwData)==56 mwDataSize==56


Stopped at Sat Sep 19 15:15:21 2015


Memory usage statistics (global):
 N)umber of allocations made: 2
 L)argest memory usage      : 119
 T)otal of all alloc() calls: 119
 U)nfreed bytes totals      : 0

============= MEMWATCH 2.71 Copyright (C) 1992-1999 Johan Lindh =============

Started at Sat Sep 19 15:15:30 2015

Modes: __STDC__ 64-bit mwDWORD==(unsigned int)
mwROUNDALLOC==8 sizeof(mwData)==56 mwDataSize==56


Stopped at Sat Sep 19 15:15:30 2015

unfreed: <2> awesome.c(113), 64 bytes at 0x7f8bf9e00320  	{D8 2B 7B 8B 00 00 00 00 22 15 13 9F 00 00 00 00 .+{.....".......}

Memory usage statistics (global):
 N)umber of allocations made: 2
 L)argest memory usage      : 119
 T)otal of all alloc() calls: 119
 U)nfreed bytes totals      : 64

============= MEMWATCH 2.71 Copyright (C) 1992-1999 Johan Lindh =============

Started at Sat Sep 19 15:15:35 2015

Modes: __STDC__ 64-bit mwDWORD==(unsigned int)
mwROUNDALLOC==8 sizeof(mwData)==56 mwDataSize==56


Stopped at Sat Sep 19 15:15:35 2015


Memory usage statistics (global):
 N)umber of allocations made: 2
 L)argest memory usage      : 119
 T)otal of all alloc() calls: 119
 U)nfreed bytes totals      : 0

============= MEMWATCH 2.71 Copyright (C) 1992-1999 Johan Lindh =============

Started at Sat Sep 19 15:16:21 2015

Modes: __STDC__ 64-bit mwDWORD==(unsigned int)
mwROUNDALLOC==8 sizeof(mwData)==56 mwDataSize==56


Stopped at Sat Sep 19 15:16:21 2015


Memory usage statistics (global):
 N)umber of allocations made: 6
 L)argest memory usage      : 119
 T)otal of all alloc() calls: 269
 U)nfreed bytes totals      : 0

============= MEMWATCH 2.71 Copyright (C) 1992-1999 Johan Lindh =============

Started at Sat Sep 19 15:16:23 2015

Modes: __STDC__ 64-bit mwDWORD==(unsigned int)
mwROUNDALLOC==8 sizeof(mwData)==56 mwDataSize==56


Stopped at Sat Sep 19 15:16:23 2015


Memory usage statistics (global):
 N)umber of allocations made: 6
 L)argest memory usage      : 119
 T)otal of all alloc() calls: 269
 U)nfreed bytes totals      : 0

============= MEMWATCH 2.71 Copyright (C) 1992-1999 Johan Lindh =============

Started at Sat Sep 19 15:16:44 2015

Modes: __STDC__ 64-bit mwDWORD==(unsigned int)
mwROUNDALLOC==8 sizeof(mwData)==56 mwDataSize==56


Stopped at Sat Sep 19 15:16:44 2015


Memory usage statistics (global):
 N)umber of allocations made: 6
 L)argest memory usage      : 119
 T)otal of all alloc() calls: 269
 U)nfreed bytes totals      : 0

============= MEMWATCH 2.71 Copyright (C) 1992-1999 Johan Lindh =============

Started at Sat Sep 19 15:17:20 2015

Modes: __STDC__ 64-bit mwDWORD==(unsigned int)
mwROUNDALLOC==8 sizeof(mwData)==56 mwDataSize==56


Stopped at Sat Sep 19 15:17:20 2015


Memory usage statistics (global):
 N)umber of allocations made: 6
 L)argest memory usage      : 119
 T)otal of all alloc() calls: 269
 U)nfreed bytes totals      : 0

============= MEMWATCH 2.71 Copyright (C) 1992-1999 Johan Lindh =============

Started at Sat Sep 19 15:17:44 2015

Modes: __STDC__ 64-bit mwDWORD==(unsigned int)
mwROUNDALLOC==8 sizeof(mwData)==56 mwDataSize==56


Stopped at Sat Sep 19 15:17:44 2015


Memory usage statistics (global):
 N)umber of allocations made: 6
 L)argest memory usage      : 119
 T)otal of all alloc() calls: 269
 U)nfreed bytes totals      : 0

============= MEMWATCH 2.71 Copyright (C) 1992-1999 Johan Lindh =============

Started at Sat Sep 19 15:18:47 2015

Modes: __STDC__ 64-bit mwDWORD==(unsigned int)
mwROUNDALLOC==8 sizeof(mwData)==56 mwDataSize==56


Stopped at Sat Sep 19 15:18:47 2015


Memory usage statistics (global):
 N)umber of allocations made: 6
 L)argest memory usage      : 119
 T)otal of all alloc() calls: 269
 U)nfreed bytes totals      : 0

============= MEMWATCH 2.71 Copyright (C) 1992-1999 Johan Lindh =============

Started at Sat Sep 19 15:29:19 2015

Modes: __STDC__ 64-bit mwDWORD==(unsigned int)
mwROUNDALLOC==8 sizeof(mwData)==56 mwDataSize==56


Stopped at Sat Sep 19 15:29:19 2015


Memory usage statistics (global):
 N)umber of allocations made: 6
 L)argest memory usage      : 119
 T)otal of all alloc() calls: 269
 U)nfreed bytes totals      : 0
